<?xml version="1.0" encoding="UTF-8"?>
<testng-results skipped="0" failed="0" total="1" passed="1">
  <reporter-output>
  </reporter-output>
  <suite name="Command line suite" duration-ms="26195" started-at="2017-04-22T15:38:09Z" finished-at="2017-04-22T15:38:35Z">
    <groups>
    </groups>
    <test name="Command line test" duration-ms="26195" started-at="2017-04-22T15:38:09Z" finished-at="2017-04-22T15:38:35Z">
      <class name="com.Nopcommerce.TestSuit">
        <test-method status="PASS" signature="openBrowser()[pri:0, instance:com.Nopcommerce.TestSuit@5034c75a]" name="openBrowser" is-config="true" duration-ms="18899" started-at="2017-04-22T16:38:09Z" finished-at="2017-04-22T16:38:28Z">
          <reporter-output>
          </reporter-output>
        </test-method> <!-- openBrowser -->
        <test-method status="PASS" signature="userShouldAbleToRegisterSuccessfullyAndLoginSuccessfully()[pri:0, instance:com.Nopcommerce.TestSuit@5034c75a]" name="userShouldAbleToRegisterSuccessfullyAndLoginSuccessfully" duration-ms="7257" started-at="2017-04-22T16:38:28Z" finished-at="2017-04-22T16:38:35Z">
          <reporter-output>
          </reporter-output>
        </test-method> <!-- userShouldAbleToRegisterSuccessfullyAndLoginSuccessfully -->
        <test-method status="PASS" signature="closeBrowser()[pri:0, instance:com.Nopcommerce.TestSuit@5034c75a]" name="closeBrowser" is-config="true" duration-ms="17" started-at="2017-04-22T16:38:35Z" finished-at="2017-04-22T16:38:35Z">
          <reporter-output>
          </reporter-output>
        </test-method> <!-- closeBrowser -->
      </class> <!-- com.Nopcommerce.TestSuit -->
    </test> <!-- Command line test -->
  </suite> <!-- Command line suite -->
</testng-results>
